2023-01-20 08:25:13,537 [Worker-6: Loading available Gradle versions] INFO  o.e.b.c.i.u.g.PublishedGradleVersions - Gradle version information cache is up-to-date. Trying to read.
2023-01-20 08:29:45,804 [ModalContext] INFO  o.e.m.c.i.e.AbstractTransferListenerAdapter - Downloading https://repo.maven.apache.org/maven2/org/apache/maven/archetypes/maven-archetype-quickstart/1.4/maven-archetype-quickstart-1.4.pom
2023-01-20 08:29:46,269 [ModalContext] INFO  o.e.m.c.i.e.AbstractTransferListenerAdapter - Downloaded https://repo.maven.apache.org/maven2/org/apache/maven/archetypes/maven-archetype-quickstart/1.4/maven-archetype-quickstart-1.4.pom
2023-01-20 08:29:46,526 [ModalContext] INFO  o.e.m.c.i.e.AbstractTransferListenerAdapter - Downloading https://repo.maven.apache.org/maven2/org/apache/maven/archetypes/maven-archetype-bundles/1.4/maven-archetype-bundles-1.4.pom
2023-01-20 08:29:46,814 [ModalContext] INFO  o.e.m.c.i.e.AbstractTransferListenerAdapter - Downloaded https://repo.maven.apache.org/maven2/org/apache/maven/archetypes/maven-archetype-bundles/1.4/maven-archetype-bundles-1.4.pom
2023-01-20 08:29:47,110 [ModalContext] INFO  o.e.m.c.i.e.AbstractTransferListenerAdapter - Downloading https://repo.maven.apache.org/maven2/org/apache/maven/archetypes/maven-archetype-quickstart/1.4/maven-archetype-quickstart-1.4.jar
2023-01-20 08:29:47,391 [ModalContext] INFO  o.e.m.c.i.e.AbstractTransferListenerAdapter - Downloaded https://repo.maven.apache.org/maven2/org/apache/maven/archetypes/maven-archetype-quickstart/1.4/maven-archetype-quickstart-1.4.jar
2023-01-20 08:30:23,529 [Worker-6: Launching mavenrun-7bc9f760-d38e-4829-8370-8ed8d2a9cd6a] INFO  o.eclipse.m2e.core.internal.Bundles - getClasspathEntries(Bundle=org.eclipse.m2e.maven.runtime_3.8.604.20221130-2149 [605])
2023-01-20 08:30:23,532 [Worker-6: Launching mavenrun-7bc9f760-d38e-4829-8370-8ed8d2a9cd6a] INFO  o.eclipse.m2e.core.internal.Bundles - 	Entry: C:\Users\Prajna Paramita Saho\AppData\Local\Temp\eoiE27B.tmp\configuration\org.eclipse.osgi\101\data\168924541\plugins\org.eclipse.m2e.maven.runtime_3.8.604.20221130-2149
2023-01-20 08:30:23,533 [Worker-6: Launching mavenrun-7bc9f760-d38e-4829-8370-8ed8d2a9cd6a] INFO  o.eclipse.m2e.core.internal.Bundles - 	Entry: C:\Users\Prajna Paramita Saho\AppData\Local\Temp\eoiE27B.tmp\configuration\org.eclipse.osgi\101\data\168924541\plugins\org.eclipse.m2e.maven.runtime_3.8.604.20221130-2149\jars\aether-connector-okhttp-0.17.8.jar
2023-01-20 08:30:23,533 [Worker-6: Launching mavenrun-7bc9f760-d38e-4829-8370-8ed8d2a9cd6a] INFO  o.eclipse.m2e.core.internal.Bundles - 	Entry: C:\Users\Prajna Paramita Saho\AppData\Local\Temp\eoiE27B.tmp\configuration\org.eclipse.osgi\101\data\168924541\plugins\org.eclipse.m2e.maven.runtime_3.8.604.20221130-2149\jars\commons-cli-1.4.jar
2023-01-20 08:30:23,533 [Worker-6: Launching mavenrun-7bc9f760-d38e-4829-8370-8ed8d2a9cd6a] INFO  o.eclipse.m2e.core.internal.Bundles - 	Entry: C:\Users\Prajna Paramita Saho\AppData\Local\Temp\eoiE27B.tmp\configuration\org.eclipse.osgi\101\data\168924541\plugins\org.eclipse.m2e.maven.runtime_3.8.604.20221130-2149\jars\commons-io-2.6.jar
2023-01-20 08:30:23,533 [Worker-6: Launching mavenrun-7bc9f760-d38e-4829-8370-8ed8d2a9cd6a] INFO  o.eclipse.m2e.core.internal.Bundles - 	Entry: C:\Users\Prajna Paramita Saho\AppData\Local\Temp\eoiE27B.tmp\configuration\org.eclipse.osgi\101\data\168924541\plugins\org.eclipse.m2e.maven.runtime_3.8.604.20221130-2149\jars\commons-lang3-3.8.1.jar
2023-01-20 08:30:23,534 [Worker-6: Launching mavenrun-7bc9f760-d38e-4829-8370-8ed8d2a9cd6a] INFO  o.eclipse.m2e.core.internal.Bundles - 	Entry: C:\Users\Prajna Paramita Saho\AppData\Local\Temp\eoiE27B.tmp\configuration\org.eclipse.osgi\101\data\168924541\plugins\org.eclipse.m2e.maven.runtime_3.8.604.20221130-2149\jars\guice-4.2.2-no_aop.jar
2023-01-20 08:30:23,534 [Worker-6: Launching mavenrun-7bc9f760-d38e-4829-8370-8ed8d2a9cd6a] INFO  o.eclipse.m2e.core.internal.Bundles - 	Entry: C:\Users\Prajna Paramita Saho\AppData\Local\Temp\eoiE27B.tmp\configuration\org.eclipse.osgi\101\data\168924541\plugins\org.eclipse.m2e.maven.runtime_3.8.604.20221130-2149\jars\jansi-2.4.0.jar
2023-01-20 08:30:23,534 [Worker-6: Launching mavenrun-7bc9f760-d38e-4829-8370-8ed8d2a9cd6a] INFO  o.eclipse.m2e.core.internal.Bundles - 	Entry: C:\Users\Prajna Paramita Saho\AppData\Local\Temp\eoiE27B.tmp\configuration\org.eclipse.osgi\101\data\168924541\plugins\org.eclipse.m2e.maven.runtime_3.8.604.20221130-2149\jars\maven-artifact-3.8.6.jar
2023-01-20 08:30:23,534 [Worker-6: Launching mavenrun-7bc9f760-d38e-4829-8370-8ed8d2a9cd6a] INFO  o.eclipse.m2e.core.internal.Bundles - 	Entry: C:\Users\Prajna Paramita Saho\AppData\Local\Temp\eoiE27B.tmp\configuration\org.eclipse.osgi\101\data\168924541\plugins\org.eclipse.m2e.maven.runtime_3.8.604.20221130-2149\jars\maven-builder-support-3.8.6.jar
2023-01-20 08:30:23,534 [Worker-6: Launching mavenrun-7bc9f760-d38e-4829-8370-8ed8d2a9cd6a] INFO  o.eclipse.m2e.core.internal.Bundles - 	Entry: C:\Users\Prajna Paramita Saho\AppData\Local\Temp\eoiE27B.tmp\configuration\org.eclipse.osgi\101\data\168924541\plugins\org.eclipse.m2e.maven.runtime_3.8.604.20221130-2149\jars\maven-compat-3.8.6.jar
2023-01-20 08:30:23,534 [Worker-6: Launching mavenrun-7bc9f760-d38e-4829-8370-8ed8d2a9cd6a] INFO  o.eclipse.m2e.core.internal.Bundles - 	Entry: C:\Users\Prajna Paramita Saho\AppData\Local\Temp\eoiE27B.tmp\configuration\org.eclipse.osgi\101\data\168924541\plugins\org.eclipse.m2e.maven.runtime_3.8.604.20221130-2149\jars\maven-core-3.8.6.jar
2023-01-20 08:30:23,535 [Worker-6: Launching mavenrun-7bc9f760-d38e-4829-8370-8ed8d2a9cd6a] INFO  o.eclipse.m2e.core.internal.Bundles - 	Entry: C:\Users\Prajna Paramita Saho\AppData\Local\Temp\eoiE27B.tmp\configuration\org.eclipse.osgi\101\data\168924541\plugins\org.eclipse.m2e.maven.runtime_3.8.604.20221130-2149\jars\maven-embedder-3.8.6.jar
2023-01-20 08:30:23,535 [Worker-6: Launching mavenrun-7bc9f760-d38e-4829-8370-8ed8d2a9cd6a] INFO  o.eclipse.m2e.core.internal.Bundles - 	Entry: C:\Users\Prajna Paramita Saho\AppData\Local\Temp\eoiE27B.tmp\configuration\org.eclipse.osgi\101\data\168924541\plugins\org.eclipse.m2e.maven.runtime_3.8.604.20221130-2149\jars\maven-model-3.8.6.jar
2023-01-20 08:30:23,535 [Worker-6: Launching mavenrun-7bc9f760-d38e-4829-8370-8ed8d2a9cd6a] INFO  o.eclipse.m2e.core.internal.Bundles - 	Entry: C:\Users\Prajna Paramita Saho\AppData\Local\Temp\eoiE27B.tmp\configuration\org.eclipse.osgi\101\data\168924541\plugins\org.eclipse.m2e.maven.runtime_3.8.604.20221130-2149\jars\maven-model-builder-3.8.6.jar
2023-01-20 08:30:23,535 [Worker-6: Launching mavenrun-7bc9f760-d38e-4829-8370-8ed8d2a9cd6a] INFO  o.eclipse.m2e.core.internal.Bundles - 	Entry: C:\Users\Prajna Paramita Saho\AppData\Local\Temp\eoiE27B.tmp\configuration\org.eclipse.osgi\101\data\168924541\plugins\org.eclipse.m2e.maven.runtime_3.8.604.20221130-2149\jars\maven-plugin-api-3.8.6.jar
2023-01-20 08:30:23,535 [Worker-6: Launching mavenrun-7bc9f760-d38e-4829-8370-8ed8d2a9cd6a] INFO  o.eclipse.m2e.core.internal.Bundles - 	Entry: C:\Users\Prajna Paramita Saho\AppData\Local\Temp\eoiE27B.tmp\configuration\org.eclipse.osgi\101\data\168924541\plugins\org.eclipse.m2e.maven.runtime_3.8.604.20221130-2149\jars\maven-repository-metadata-3.8.6.jar
2023-01-20 08:30:23,536 [Worker-6: Launching mavenrun-7bc9f760-d38e-4829-8370-8ed8d2a9cd6a] INFO  o.eclipse.m2e.core.internal.Bundles - 	Entry: C:\Users\Prajna Paramita Saho\AppData\Local\Temp\eoiE27B.tmp\configuration\org.eclipse.osgi\101\data\168924541\plugins\org.eclipse.m2e.maven.runtime_3.8.604.20221130-2149\jars\maven-resolver-api-1.6.3.jar
2023-01-20 08:30:23,536 [Worker-6: Launching mavenrun-7bc9f760-d38e-4829-8370-8ed8d2a9cd6a] INFO  o.eclipse.m2e.core.internal.Bundles - 	Entry: C:\Users\Prajna Paramita Saho\AppData\Local\Temp\eoiE27B.tmp\configuration\org.eclipse.osgi\101\data\168924541\plugins\org.eclipse.m2e.maven.runtime_3.8.604.20221130-2149\jars\maven-resolver-connector-basic-1.6.3.jar
2023-01-20 08:30:23,536 [Worker-6: Launching mavenrun-7bc9f760-d38e-4829-8370-8ed8d2a9cd6a] INFO  o.eclipse.m2e.core.internal.Bundles - 	Entry: C:\Users\Prajna Paramita Saho\AppData\Local\Temp\eoiE27B.tmp\configuration\org.eclipse.osgi\101\data\168924541\plugins\org.eclipse.m2e.maven.runtime_3.8.604.20221130-2149\jars\maven-resolver-impl-1.6.3.jar
2023-01-20 08:30:23,536 [Worker-6: Launching mavenrun-7bc9f760-d38e-4829-8370-8ed8d2a9cd6a] INFO  o.eclipse.m2e.core.internal.Bundles - 	Entry: C:\Users\Prajna Paramita Saho\AppData\Local\Temp\eoiE27B.tmp\configuration\org.eclipse.osgi\101\data\168924541\plugins\org.eclipse.m2e.maven.runtime_3.8.604.20221130-2149\jars\maven-resolver-provider-3.8.6.jar
2023-01-20 08:30:23,536 [Worker-6: Launching mavenrun-7bc9f760-d38e-4829-8370-8ed8d2a9cd6a] INFO  o.eclipse.m2e.core.internal.Bundles - 	Entry: C:\Users\Prajna Paramita Saho\AppData\Local\Temp\eoiE27B.tmp\configuration\org.eclipse.osgi\101\data\168924541\plugins\org.eclipse.m2e.maven.runtime_3.8.604.20221130-2149\jars\maven-resolver-spi-1.6.3.jar
2023-01-20 08:30:23,537 [Worker-6: Launching mavenrun-7bc9f760-d38e-4829-8370-8ed8d2a9cd6a] INFO  o.eclipse.m2e.core.internal.Bundles - 	Entry: C:\Users\Prajna Paramita Saho\AppData\Local\Temp\eoiE27B.tmp\configuration\org.eclipse.osgi\101\data\168924541\plugins\org.eclipse.m2e.maven.runtime_3.8.604.20221130-2149\jars\maven-resolver-transport-wagon-1.6.3.jar
2023-01-20 08:30:23,537 [Worker-6: Launching mavenrun-7bc9f760-d38e-4829-8370-8ed8d2a9cd6a] INFO  o.eclipse.m2e.core.internal.Bundles - 	Entry: C:\Users\Prajna Paramita Saho\AppData\Local\Temp\eoiE27B.tmp\configuration\org.eclipse.osgi\101\data\168924541\plugins\org.eclipse.m2e.maven.runtime_3.8.604.20221130-2149\jars\maven-resolver-util-1.6.3.jar
2023-01-20 08:30:23,537 [Worker-6: Launching mavenrun-7bc9f760-d38e-4829-8370-8ed8d2a9cd6a] INFO  o.eclipse.m2e.core.internal.Bundles - 	Entry: C:\Users\Prajna Paramita Saho\AppData\Local\Temp\eoiE27B.tmp\configuration\org.eclipse.osgi\101\data\168924541\plugins\org.eclipse.m2e.maven.runtime_3.8.604.20221130-2149\jars\maven-settings-3.8.6.jar
2023-01-20 08:30:23,537 [Worker-6: Launching mavenrun-7bc9f760-d38e-4829-8370-8ed8d2a9cd6a] INFO  o.eclipse.m2e.core.internal.Bundles - 	Entry: C:\Users\Prajna Paramita Saho\AppData\Local\Temp\eoiE27B.tmp\configuration\org.eclipse.osgi\101\data\168924541\plugins\org.eclipse.m2e.maven.runtime_3.8.604.20221130-2149\jars\maven-settings-builder-3.8.6.jar
2023-01-20 08:30:23,537 [Worker-6: Launching mavenrun-7bc9f760-d38e-4829-8370-8ed8d2a9cd6a] INFO  o.eclipse.m2e.core.internal.Bundles - 	Entry: C:\Users\Prajna Paramita Saho\AppData\Local\Temp\eoiE27B.tmp\configuration\org.eclipse.osgi\101\data\168924541\plugins\org.eclipse.m2e.maven.runtime_3.8.604.20221130-2149\jars\maven-shared-utils-3.3.4.jar
2023-01-20 08:30:23,538 [Worker-6: Launching mavenrun-7bc9f760-d38e-4829-8370-8ed8d2a9cd6a] INFO  o.eclipse.m2e.core.internal.Bundles - 	Entry: C:\Users\Prajna Paramita Saho\AppData\Local\Temp\eoiE27B.tmp\configuration\org.eclipse.osgi\101\data\168924541\plugins\org.eclipse.m2e.maven.runtime_3.8.604.20221130-2149\jars\okhttp-3.14.1.jar
2023-01-20 08:30:23,538 [Worker-6: Launching mavenrun-7bc9f760-d38e-4829-8370-8ed8d2a9cd6a] INFO  o.eclipse.m2e.core.internal.Bundles - 	Entry: C:\Users\Prajna Paramita Saho\AppData\Local\Temp\eoiE27B.tmp\configuration\org.eclipse.osgi\101\data\168924541\plugins\org.eclipse.m2e.maven.runtime_3.8.604.20221130-2149\jars\okio-1.17.3.jar
2023-01-20 08:30:23,538 [Worker-6: Launching mavenrun-7bc9f760-d38e-4829-8370-8ed8d2a9cd6a] INFO  o.eclipse.m2e.core.internal.Bundles - 	Entry: C:\Users\Prajna Paramita Saho\AppData\Local\Temp\eoiE27B.tmp\configuration\org.eclipse.osgi\101\data\168924541\plugins\org.eclipse.m2e.maven.runtime_3.8.604.20221130-2149\jars\org.eclipse.sisu.inject-0.3.5.jar
2023-01-20 08:30:23,538 [Worker-6: Launching mavenrun-7bc9f760-d38e-4829-8370-8ed8d2a9cd6a] INFO  o.eclipse.m2e.core.internal.Bundles - 	Entry: C:\Users\Prajna Paramita Saho\AppData\Local\Temp\eoiE27B.tmp\configuration\org.eclipse.osgi\101\data\168924541\plugins\org.eclipse.m2e.maven.runtime_3.8.604.20221130-2149\jars\org.eclipse.sisu.plexus-0.3.5.jar
2023-01-20 08:30:23,539 [Worker-6: Launching mavenrun-7bc9f760-d38e-4829-8370-8ed8d2a9cd6a] INFO  o.eclipse.m2e.core.internal.Bundles - 	Entry: C:\Users\Prajna Paramita Saho\AppData\Local\Temp\eoiE27B.tmp\configuration\org.eclipse.osgi\101\data\168924541\plugins\org.eclipse.m2e.maven.runtime_3.8.604.20221130-2149\jars\plexus-build-api-0.0.7.jar
2023-01-20 08:30:23,539 [Worker-6: Launching mavenrun-7bc9f760-d38e-4829-8370-8ed8d2a9cd6a] INFO  o.eclipse.m2e.core.internal.Bundles - 	Entry: C:\Users\Prajna Paramita Saho\AppData\Local\Temp\eoiE27B.tmp\configuration\org.eclipse.osgi\101\data\168924541\plugins\org.eclipse.m2e.maven.runtime_3.8.604.20221130-2149\jars\plexus-cipher-2.0.jar
2023-01-20 08:30:23,539 [Worker-6: Launching mavenrun-7bc9f760-d38e-4829-8370-8ed8d2a9cd6a] INFO  o.eclipse.m2e.core.internal.Bundles - 	Entry: C:\Users\Prajna Paramita Saho\AppData\Local\Temp\eoiE27B.tmp\configuration\org.eclipse.osgi\101\data\168924541\plugins\org.eclipse.m2e.maven.runtime_3.8.604.20221130-2149\jars\plexus-classworlds-2.6.0.jar
2023-01-20 08:30:23,539 [Worker-6: Launching mavenrun-7bc9f760-d38e-4829-8370-8ed8d2a9cd6a] INFO  o.eclipse.m2e.core.internal.Bundles - 	Entry: C:\Users\Prajna Paramita Saho\AppData\Local\Temp\eoiE27B.tmp\configuration\org.eclipse.osgi\101\data\168924541\plugins\org.eclipse.m2e.maven.runtime_3.8.604.20221130-2149\jars\plexus-component-annotations-2.1.0.jar
2023-01-20 08:30:23,540 [Worker-6: Launching mavenrun-7bc9f760-d38e-4829-8370-8ed8d2a9cd6a] INFO  o.eclipse.m2e.core.internal.Bundles - 	Entry: C:\Users\Prajna Paramita Saho\AppData\Local\Temp\eoiE27B.tmp\configuration\org.eclipse.osgi\101\data\168924541\plugins\org.eclipse.m2e.maven.runtime_3.8.604.20221130-2149\jars\plexus-interpolation-1.26.jar
2023-01-20 08:30:23,540 [Worker-6: Launching mavenrun-7bc9f760-d38e-4829-8370-8ed8d2a9cd6a] INFO  o.eclipse.m2e.core.internal.Bundles - 	Entry: C:\Users\Prajna Paramita Saho\AppData\Local\Temp\eoiE27B.tmp\configuration\org.eclipse.osgi\101\data\168924541\plugins\org.eclipse.m2e.maven.runtime_3.8.604.20221130-2149\jars\plexus-sec-dispatcher-2.0.jar
2023-01-20 08:30:23,540 [Worker-6: Launching mavenrun-7bc9f760-d38e-4829-8370-8ed8d2a9cd6a] INFO  o.eclipse.m2e.core.internal.Bundles - 	Entry: C:\Users\Prajna Paramita Saho\AppData\Local\Temp\eoiE27B.tmp\configuration\org.eclipse.osgi\101\data\168924541\plugins\org.eclipse.m2e.maven.runtime_3.8.604.20221130-2149\jars\plexus-utils-3.3.1.jar
2023-01-20 08:30:23,540 [Worker-6: Launching mavenrun-7bc9f760-d38e-4829-8370-8ed8d2a9cd6a] INFO  o.eclipse.m2e.core.internal.Bundles - 	Entry: C:\Users\Prajna Paramita Saho\AppData\Local\Temp\eoiE27B.tmp\configuration\org.eclipse.osgi\101\data\168924541\plugins\org.eclipse.m2e.maven.runtime_3.8.604.20221130-2149\jars\wagon-file-3.5.1.jar
2023-01-20 08:30:23,541 [Worker-6: Launching mavenrun-7bc9f760-d38e-4829-8370-8ed8d2a9cd6a] INFO  o.eclipse.m2e.core.internal.Bundles - 	Entry: C:\Users\Prajna Paramita Saho\AppData\Local\Temp\eoiE27B.tmp\configuration\org.eclipse.osgi\101\data\168924541\plugins\org.eclipse.m2e.maven.runtime_3.8.604.20221130-2149\jars\wagon-provider-api-3.5.1.jar
2023-01-20 08:30:23,543 [Worker-6: Launching mavenrun-7bc9f760-d38e-4829-8370-8ed8d2a9cd6a] INFO  o.eclipse.m2e.core.internal.Bundles - getClasspathEntries(Bundle=com.google.guava_30.1.0.v20221112-0806 [10])
2023-01-20 08:30:23,545 [Worker-6: Launching mavenrun-7bc9f760-d38e-4829-8370-8ed8d2a9cd6a] INFO  o.eclipse.m2e.core.internal.Bundles - 	Entry: C:\Users\Prajna Paramita Saho\AppData\Local\Temp\eoiE27B.tmp\configuration\org.eclipse.osgi\101\data\168924541\plugins\com.google.guava_30.1.0.v20221112-0806.jar
2023-01-20 08:30:23,545 [Worker-6: Launching mavenrun-7bc9f760-d38e-4829-8370-8ed8d2a9cd6a] INFO  o.eclipse.m2e.core.internal.Bundles - getClasspathEntries(Bundle=slf4j.api_1.7.36 [917])
2023-01-20 08:30:23,546 [Worker-6: Launching mavenrun-7bc9f760-d38e-4829-8370-8ed8d2a9cd6a] INFO  o.eclipse.m2e.core.internal.Bundles - 	Entry: C:\Users\Prajna Paramita Saho\AppData\Local\Temp\eoiE27B.tmp\configuration\org.eclipse.osgi\101\data\168924541\plugins\slf4j.api_1.7.36.jar
2023-01-20 08:30:23,546 [Worker-6: Launching mavenrun-7bc9f760-d38e-4829-8370-8ed8d2a9cd6a] INFO  o.eclipse.m2e.core.internal.Bundles - getClasspathEntries(Bundle=javax.inject_1.0.0.v20220405-0441 [32])
2023-01-20 08:30:23,547 [Worker-6: Launching mavenrun-7bc9f760-d38e-4829-8370-8ed8d2a9cd6a] INFO  o.eclipse.m2e.core.internal.Bundles - 	Entry: C:\Users\Prajna Paramita Saho\AppData\Local\Temp\eoiE27B.tmp\configuration\org.eclipse.osgi\101\data\168924541\plugins\javax.inject_1.0.0.v20220405-0441.jar
2023-01-20 08:30:23,547 [Worker-6: Launching mavenrun-7bc9f760-d38e-4829-8370-8ed8d2a9cd6a] INFO  o.eclipse.m2e.core.internal.Bundles - getClasspathEntries(Bundle=javax.annotation_1.3.5.v20221112-0806 [30])
2023-01-20 08:30:23,548 [Worker-6: Launching mavenrun-7bc9f760-d38e-4829-8370-8ed8d2a9cd6a] INFO  o.eclipse.m2e.core.internal.Bundles - 	Entry: C:\Users\Prajna Paramita Saho\AppData\Local\Temp\eoiE27B.tmp\configuration\org.eclipse.osgi\101\data\168924541\plugins\javax.annotation_1.3.5.v20221112-0806.jar
2023-01-20 08:30:23,557 [Worker-6: Launching mavenrun-7bc9f760-d38e-4829-8370-8ed8d2a9cd6a] INFO  o.e.m.i.launch.MavenLaunchDelegate - Run build in "C:\Users\PRAJNA~1\AppData\Local\Temp\m2e-archetypeGenerator17695958700302088586":
2023-01-20 08:30:23,562 [Worker-6: Launching mavenrun-7bc9f760-d38e-4829-8370-8ed8d2a9cd6a] INFO  o.e.m.i.launch.MavenLaunchDelegate -  mvn  -DarchetypeGroupId=org.apache.maven.archetypes -DarchetypeArtifactId=maven-archetype-quickstart -DarchetypeVersion=1.4 -DgroupId=nit -DartifactId=SpringCoreProj01-SetterInjection -Dversion=0.0.1-SNAPSHOT -Dpackage=com.nt.test -DoutputDirectory=E:\Spring -Dstyle.color=always -U archetype:generate
2023-01-20 08:48:02,235 [Worker-13: Creating maven-archetype-quickstart] INFO  o.e.m.c.i.p.ProjectConfigurationManager - Collecting project info '/pom.xml' E:\Spring\SpringCoreProj01-SetterInjection\pom.xml
2023-01-20 08:48:04,126 [Worker-13: Creating maven-archetype-quickstart] INFO  o.e.m.c.i.e.AbstractTransferListenerAdapter - Downloading https://repo.maven.apache.org/maven2/org/apache/maven/plugins/maven-jar-plugin/3.0.2/maven-jar-plugin-3.0.2.jar
2023-01-20 08:48:05,418 [Worker-13: Creating maven-archetype-quickstart] INFO  o.e.m.c.i.e.AbstractTransferListenerAdapter - Downloaded https://repo.maven.apache.org/maven2/org/apache/maven/plugins/maven-jar-plugin/3.0.2/maven-jar-plugin-3.0.2.jar
2023-01-20 08:48:06,037 [Worker-13: Creating maven-archetype-quickstart] INFO  o.e.m.c.i.e.AbstractTransferListenerAdapter - Downloading https://repo.maven.apache.org/maven2/org/apache/maven/plugins/maven-site-plugin/3.7.1/maven-site-plugin-3.7.1.jar
2023-01-20 08:48:06,933 [Worker-13: Creating maven-archetype-quickstart] INFO  o.e.m.c.i.e.AbstractTransferListenerAdapter - Downloaded https://repo.maven.apache.org/maven2/org/apache/maven/plugins/maven-site-plugin/3.7.1/maven-site-plugin-3.7.1.jar
2023-01-20 08:48:08,433 [Worker-13: Creating maven-archetype-quickstart] INFO  o.e.m.c.i.l.LifecycleMappingFactory - Using org.eclipse.m2e.jdt.JarLifecycleMapping lifecycle mapping for MavenProject: nit:SpringCoreProj01-SetterInjection:0.0.1-SNAPSHOT @ E:\Spring\SpringCoreProj01-SetterInjection\pom.xml.
2023-01-20 08:48:08,916 [Worker-13: Creating maven-archetype-quickstart] INFO  o.e.m.c.i.e.AbstractTransferListenerAdapter - Downloading https://repo.maven.apache.org/maven2/org/apache/maven/plugins/maven-jar-plugin/3.0.2/maven-jar-plugin-3.0.2.pom
2023-01-20 08:48:09,265 [Worker-13: Creating maven-archetype-quickstart] INFO  o.e.m.c.i.e.AbstractTransferListenerAdapter - Downloaded https://repo.maven.apache.org/maven2/org/apache/maven/plugins/maven-jar-plugin/3.0.2/maven-jar-plugin-3.0.2.pom
2023-01-20 08:48:09,556 [Worker-13: Creating maven-archetype-quickstart] INFO  o.e.m.c.i.e.AbstractTransferListenerAdapter - Downloading https://repo.maven.apache.org/maven2/org/apache/maven/maven-archiver/3.1.1/maven-archiver-3.1.1.pom
2023-01-20 08:48:09,887 [Worker-13: Creating maven-archetype-quickstart] INFO  o.e.m.c.i.e.AbstractTransferListenerAdapter - Downloaded https://repo.maven.apache.org/maven2/org/apache/maven/maven-archiver/3.1.1/maven-archiver-3.1.1.pom
2023-01-20 08:48:10,196 [Worker-13: Creating maven-archetype-quickstart] INFO  o.e.m.c.i.e.AbstractTransferListenerAdapter - Downloading https://repo.maven.apache.org/maven2/org/apache/maven/shared/maven-shared-utils/3.0.1/maven-shared-utils-3.0.1.pom
2023-01-20 08:48:10,524 [Worker-13: Creating maven-archetype-quickstart] INFO  o.e.m.c.i.e.AbstractTransferListenerAdapter - Downloaded https://repo.maven.apache.org/maven2/org/apache/maven/shared/maven-shared-utils/3.0.1/maven-shared-utils-3.0.1.pom
2023-01-20 08:48:10,825 [Worker-13: Creating maven-archetype-quickstart] INFO  o.e.m.c.i.e.AbstractTransferListenerAdapter - Downloading https://repo.maven.apache.org/maven2/org/codehaus/plexus/plexus-archiver/3.3/plexus-archiver-3.3.pom
2023-01-20 08:48:11,089 [Worker-13: Creating maven-archetype-quickstart] INFO  o.e.m.c.i.e.AbstractTransferListenerAdapter - Downloaded https://repo.maven.apache.org/maven2/org/codehaus/plexus/plexus-archiver/3.3/plexus-archiver-3.3.pom
2023-01-20 08:48:11,334 [Worker-13: Creating maven-archetype-quickstart] INFO  o.e.m.c.i.e.AbstractTransferListenerAdapter - Downloading https://repo.maven.apache.org/maven2/org/codehaus/plexus/plexus-io/2.7.1/plexus-io-2.7.1.pom
2023-01-20 08:48:11,577 [Worker-13: Creating maven-archetype-quickstart] INFO  o.e.m.c.i.e.AbstractTransferListenerAdapter - Downloaded https://repo.maven.apache.org/maven2/org/codehaus/plexus/plexus-io/2.7.1/plexus-io-2.7.1.pom
2023-01-20 08:48:12,187 [Worker-13: Creating maven-archetype-quickstart] INFO  o.e.m.c.i.e.AbstractTransferListenerAdapter - Downloading https://repo.maven.apache.org/maven2/org/apache/commons/commons-compress/1.11/commons-compress-1.11.pom
2023-01-20 08:48:12,434 [Worker-13: Creating maven-archetype-quickstart] INFO  o.e.m.c.i.e.AbstractTransferListenerAdapter - Downloaded https://repo.maven.apache.org/maven2/org/apache/commons/commons-compress/1.11/commons-compress-1.11.pom
2023-01-20 08:48:12,758 [Worker-13: Creating maven-archetype-quickstart] INFO  o.e.m.c.i.e.AbstractTransferListenerAdapter - Downloading https://repo.maven.apache.org/maven2/org/tukaani/xz/1.5/xz-1.5.pom
2023-01-20 08:48:13,092 [Worker-13: Creating maven-archetype-quickstart] INFO  o.e.m.c.i.e.AbstractTransferListenerAdapter - Downloaded https://repo.maven.apache.org/maven2/org/tukaani/xz/1.5/xz-1.5.pom
2023-01-20 08:48:13,396 [Worker-13: Creating maven-archetype-quickstart] INFO  o.e.m.c.i.e.AbstractTransferListenerAdapter - Downloading https://repo.maven.apache.org/maven2/org/codehaus/plexus/plexus-archiver/3.4/plexus-archiver-3.4.pom
2023-01-20 08:48:13,728 [Worker-13: Creating maven-archetype-quickstart] INFO  o.e.m.c.i.e.AbstractTransferListenerAdapter - Downloaded https://repo.maven.apache.org/maven2/org/codehaus/plexus/plexus-archiver/3.4/plexus-archiver-3.4.pom
2023-01-20 08:48:13,977 [AetherRepositoryConnector-repo.maven.apache.org-0-1] INFO  o.e.m.c.i.e.AbstractTransferListenerAdapter - Downloading https://repo.maven.apache.org/maven2/org/apache/maven/shared/maven-shared-utils/3.0.1/maven-shared-utils-3.0.1.jar
2023-01-20 08:48:14,241 [AetherRepositoryConnector-repo.maven.apache.org-0-3] INFO  o.e.m.c.i.e.AbstractTransferListenerAdapter - Downloading https://repo.maven.apache.org/maven2/org/codehaus/plexus/plexus-io/2.7.1/plexus-io-2.7.1.jar
2023-01-20 08:48:14,241 [AetherRepositoryConnector-repo.maven.apache.org-0-0] INFO  o.e.m.c.i.e.AbstractTransferListenerAdapter - Downloading https://repo.maven.apache.org/maven2/org/apache/maven/maven-archiver/3.1.1/maven-archiver-3.1.1.jar
2023-01-20 08:48:14,241 [AetherRepositoryConnector-repo.maven.apache.org-0-4] INFO  o.e.m.c.i.e.AbstractTransferListenerAdapter - Downloading https://repo.maven.apache.org/maven2/org/apache/commons/commons-compress/1.11/commons-compress-1.11.jar
2023-01-20 08:48:14,241 [AetherRepositoryConnector-repo.maven.apache.org-0-2] INFO  o.e.m.c.i.e.AbstractTransferListenerAdapter - Downloading https://repo.maven.apache.org/maven2/org/codehaus/plexus/plexus-archiver/3.4/plexus-archiver-3.4.jar
2023-01-20 08:48:15,265 [AetherRepositoryConnector-repo.maven.apache.org-0-0] INFO  o.e.m.c.i.e.AbstractTransferListenerAdapter - Downloaded https://repo.maven.apache.org/maven2/org/apache/maven/maven-archiver/3.1.1/maven-archiver-3.1.1.jar
2023-01-20 08:48:15,524 [AetherRepositoryConnector-repo.maven.apache.org-0-0] INFO  o.e.m.c.i.e.AbstractTransferListenerAdapter - Downloading https://repo.maven.apache.org/maven2/org/tukaani/xz/1.5/xz-1.5.jar
2023-01-20 08:48:16,301 [AetherRepositoryConnector-repo.maven.apache.org-0-3] INFO  o.e.m.c.i.e.AbstractTransferListenerAdapter - Downloaded https://repo.maven.apache.org/maven2/org/codehaus/plexus/plexus-io/2.7.1/plexus-io-2.7.1.jar
2023-01-20 08:48:16,619 [AetherRepositoryConnector-repo.maven.apache.org-0-1] INFO  o.e.m.c.i.e.AbstractTransferListenerAdapter - Downloaded https://repo.maven.apache.org/maven2/org/apache/maven/shared/maven-shared-utils/3.0.1/maven-shared-utils-3.0.1.jar
2023-01-20 08:48:18,186 [AetherRepositoryConnector-repo.maven.apache.org-0-0] INFO  o.e.m.c.i.e.AbstractTransferListenerAdapter - Downloaded https://repo.maven.apache.org/maven2/org/tukaani/xz/1.5/xz-1.5.jar
2023-01-20 08:48:18,745 [AetherRepositoryConnector-repo.maven.apache.org-0-2] INFO  o.e.m.c.i.e.AbstractTransferListenerAdapter - Downloaded https://repo.maven.apache.org/maven2/org/codehaus/plexus/plexus-archiver/3.4/plexus-archiver-3.4.jar
2023-01-20 08:48:20,775 [AetherRepositoryConnector-repo.maven.apache.org-0-4] INFO  o.e.m.c.i.e.AbstractTransferListenerAdapter - Downloaded https://repo.maven.apache.org/maven2/org/apache/commons/commons-compress/1.11/commons-compress-1.11.jar
2023-01-20 08:48:21,487 [Worker-13: Creating maven-archetype-quickstart] INFO  o.e.m.j.i.AbstractJavaProjectConfigurator - Adding source folder /SpringCoreProj01-SetterInjection/src/main/java
2023-01-20 08:48:21,493 [Worker-13: Creating maven-archetype-quickstart] INFO  o.e.m.j.i.AbstractJavaProjectConfigurator - Adding source folder /SpringCoreProj01-SetterInjection/src/test/java
2023-01-20 08:48:21,757 [Worker-13: Creating maven-archetype-quickstart] INFO  o.e.m.c.i.p.ProjectConfigurationManager - Imported and configured 1 project(s) in 19 sec
2023-01-20 08:48:22,731 [Worker-13: Building] INFO  o.e.m.c.i.embedder.EclipseLogger - Using 'UTF-8' encoding to copy filtered resources.
2023-01-20 08:48:22,732 [Worker-13: Building] INFO  o.e.m.c.i.embedder.EclipseLogger - skip non existing resourceDirectory E:\Spring\SpringCoreProj01-SetterInjection\src\main\resources
2023-01-20 08:48:22,736 [Worker-13: Building] INFO  o.e.m.c.i.embedder.EclipseLogger - Using 'UTF-8' encoding to copy filtered resources.
2023-01-20 08:48:22,736 [Worker-13: Building] INFO  o.e.m.c.i.embedder.EclipseLogger - skip non existing resourceDirectory E:\Spring\SpringCoreProj01-SetterInjection\src\test\resources
2023-01-20 08:49:59,596 [Worker-26: Building] INFO  o.e.m.c.i.l.LifecycleMappingFactory - Using org.eclipse.m2e.jdt.JarLifecycleMapping lifecycle mapping for MavenProject: nit:SpringCoreProj01-SetterInjection:0.0.1-SNAPSHOT @ E:\Spring\SpringCoreProj01-SetterInjection\pom.xml.
2023-01-20 08:49:59,741 [Worker-26: Building] INFO  o.e.m.c.i.embedder.EclipseLogger - Using 'UTF-8' encoding to copy filtered resources.
2023-01-20 08:49:59,742 [Worker-26: Building] INFO  o.e.m.c.i.embedder.EclipseLogger - skip non existing resourceDirectory E:\Spring\SpringCoreProj01-SetterInjection\src\main\resources
2023-01-20 08:49:59,746 [Worker-26: Building] INFO  o.e.m.c.i.embedder.EclipseLogger - Using 'UTF-8' encoding to copy filtered resources.
2023-01-20 08:49:59,746 [Worker-26: Building] INFO  o.e.m.c.i.embedder.EclipseLogger - skip non existing resourceDirectory E:\Spring\SpringCoreProj01-SetterInjection\src\test\resources
2023-01-20 08:50:33,633 [Worker-21: Updating Maven Project] INFO  o.e.m.c.i.p.ProjectConfigurationManager - Update started
2023-01-20 08:50:33,908 [Worker-21: Updating Maven Project] INFO  o.e.m.c.i.l.LifecycleMappingFactory - Using org.eclipse.m2e.jdt.JarLifecycleMapping lifecycle mapping for MavenProject: nit:SpringCoreProj01-SetterInjection:0.0.1-SNAPSHOT @ E:\Spring\SpringCoreProj01-SetterInjection\pom.xml.
2023-01-20 08:50:34,026 [Worker-21: Updating Maven Project] INFO  o.e.m.j.i.AbstractJavaProjectConfigurator - Adding source folder /SpringCoreProj01-SetterInjection/src/main/java
2023-01-20 08:50:34,027 [Worker-21: Updating Maven Project] INFO  o.e.m.j.i.AbstractJavaProjectConfigurator - Adding source folder /SpringCoreProj01-SetterInjection/src/test/java
2023-01-20 08:50:34,217 [Worker-21: Updating Maven Project] INFO  o.e.m.c.i.p.ProjectConfigurationManager - Update completed for 1 poms: local refresh takes 0.00 sec, refresh facades takes 0.00 sec, update config takes 0.00 sec 
2023-01-20 08:50:34,386 [Worker-0: Building] INFO  o.e.m.c.i.embedder.EclipseLogger - Using 'UTF-8' encoding to copy filtered resources.
2023-01-20 08:50:34,386 [Worker-0: Building] INFO  o.e.m.c.i.embedder.EclipseLogger - skip non existing resourceDirectory E:\Spring\SpringCoreProj01-SetterInjection\src\main\resources
2023-01-20 08:50:34,389 [Worker-0: Building] INFO  o.e.m.c.i.embedder.EclipseLogger - Using 'UTF-8' encoding to copy filtered resources.
2023-01-20 08:50:34,390 [Worker-0: Building] INFO  o.e.m.c.i.embedder.EclipseLogger - skip non existing resourceDirectory E:\Spring\SpringCoreProj01-SetterInjection\src\test\resources
2023-01-20 08:53:18,130 [Worker-28: Building] INFO  o.e.m.c.i.l.LifecycleMappingFactory - Using org.eclipse.m2e.jdt.JarLifecycleMapping lifecycle mapping for MavenProject: nit:SpringCoreProj01-SetterInjection:0.0.1-SNAPSHOT @ E:\Spring\SpringCoreProj01-SetterInjection\pom.xml.
2023-01-20 08:53:19,080 [Worker-28: Building] INFO  o.e.m.c.i.e.AbstractTransferListenerAdapter - Downloading https://repo.maven.apache.org/maven2/org/springframework/spring-expression/6.0.4/spring-expression-6.0.4.pom
2023-01-20 08:53:19,538 [Worker-28: Building] INFO  o.e.m.c.i.e.AbstractTransferListenerAdapter - Downloaded https://repo.maven.apache.org/maven2/org/springframework/spring-expression/6.0.4/spring-expression-6.0.4.pom
2023-01-20 08:53:19,786 [AetherRepositoryConnector-repo.maven.apache.org-1-0] INFO  o.e.m.c.i.e.AbstractTransferListenerAdapter - Downloading https://repo.maven.apache.org/maven2/org/springframework/spring-context-support/6.0.4/spring-context-support-6.0.4.jar
2023-01-20 08:53:20,027 [AetherRepositoryConnector-repo.maven.apache.org-1-4] INFO  o.e.m.c.i.e.AbstractTransferListenerAdapter - Downloading https://repo.maven.apache.org/maven2/org/springframework/spring-expression/6.0.4/spring-expression-6.0.4.jar
2023-01-20 08:53:20,028 [AetherRepositoryConnector-repo.maven.apache.org-1-1] INFO  o.e.m.c.i.e.AbstractTransferListenerAdapter - Downloading https://repo.maven.apache.org/maven2/org/springframework/spring-beans/6.0.4/spring-beans-6.0.4.jar
2023-01-20 08:53:20,028 [AetherRepositoryConnector-repo.maven.apache.org-1-3] INFO  o.e.m.c.i.e.AbstractTransferListenerAdapter - Downloading https://repo.maven.apache.org/maven2/org/springframework/spring-aop/6.0.4/spring-aop-6.0.4.jar
2023-01-20 08:53:20,028 [AetherRepositoryConnector-repo.maven.apache.org-1-2] INFO  o.e.m.c.i.e.AbstractTransferListenerAdapter - Downloading https://repo.maven.apache.org/maven2/org/springframework/spring-context/6.0.4/spring-context-6.0.4.jar
2023-01-20 08:53:21,907 [AetherRepositoryConnector-repo.maven.apache.org-1-0] INFO  o.e.m.c.i.e.AbstractTransferListenerAdapter - Downloaded https://repo.maven.apache.org/maven2/org/springframework/spring-context-support/6.0.4/spring-context-support-6.0.4.jar
2023-01-20 08:53:22,379 [AetherRepositoryConnector-repo.maven.apache.org-1-0] INFO  o.e.m.c.i.e.AbstractTransferListenerAdapter - Downloading https://repo.maven.apache.org/maven2/org/springframework/spring-core/6.0.4/spring-core-6.0.4.jar
2023-01-20 08:53:22,393 [AetherRepositoryConnector-repo.maven.apache.org-1-3] INFO  o.e.m.c.i.e.AbstractTransferListenerAdapter - Downloaded https://repo.maven.apache.org/maven2/org/springframework/spring-aop/6.0.4/spring-aop-6.0.4.jar
2023-01-20 08:53:22,394 [AetherRepositoryConnector-repo.maven.apache.org-1-4] INFO  o.e.m.c.i.e.AbstractTransferListenerAdapter - Downloaded https://repo.maven.apache.org/maven2/org/springframework/spring-expression/6.0.4/spring-expression-6.0.4.jar
2023-01-20 08:53:24,090 [AetherRepositoryConnector-repo.maven.apache.org-1-1] INFO  o.e.m.c.i.e.AbstractTransferListenerAdapter - Downloaded https://repo.maven.apache.org/maven2/org/springframework/spring-beans/6.0.4/spring-beans-6.0.4.jar
2023-01-20 08:53:24,445 [AetherRepositoryConnector-repo.maven.apache.org-1-3] INFO  o.e.m.c.i.e.AbstractTransferListenerAdapter - Downloading https://repo.maven.apache.org/maven2/org/springframework/spring-jcl/6.0.4/spring-jcl-6.0.4.jar
2023-01-20 08:53:24,458 [AetherRepositoryConnector-repo.maven.apache.org-1-2] INFO  o.e.m.c.i.e.AbstractTransferListenerAdapter - Downloaded https://repo.maven.apache.org/maven2/org/springframework/spring-context/6.0.4/spring-context-6.0.4.jar
2023-01-20 08:53:24,856 [AetherRepositoryConnector-repo.maven.apache.org-1-3] INFO  o.e.m.c.i.e.AbstractTransferListenerAdapter - Downloaded https://repo.maven.apache.org/maven2/org/springframework/spring-jcl/6.0.4/spring-jcl-6.0.4.jar
2023-01-20 08:53:25,082 [AetherRepositoryConnector-repo.maven.apache.org-1-0] INFO  o.e.m.c.i.e.AbstractTransferListenerAdapter - Downloaded https://repo.maven.apache.org/maven2/org/springframework/spring-core/6.0.4/spring-core-6.0.4.jar
2023-01-20 08:53:25,296 [Worker-28: Building] INFO  o.e.m.c.i.embedder.EclipseLogger - Using 'UTF-8' encoding to copy filtered resources.
2023-01-20 08:53:25,296 [Worker-28: Building] INFO  o.e.m.c.i.embedder.EclipseLogger - skip non existing resourceDirectory E:\Spring\SpringCoreProj01-SetterInjection\src\main\resources
2023-01-20 08:53:25,299 [Worker-28: Building] INFO  o.e.m.c.i.embedder.EclipseLogger - Using 'UTF-8' encoding to copy filtered resources.
2023-01-20 08:53:25,299 [Worker-28: Building] INFO  o.e.m.c.i.embedder.EclipseLogger - skip non existing resourceDirectory E:\Spring\SpringCoreProj01-SetterInjection\src\test\resources
2023-01-20 08:53:26,548 [Worker-28: Building] INFO  o.e.m.c.i.embedder.EclipseLogger - Using 'UTF-8' encoding to copy filtered resources.
2023-01-20 08:53:26,548 [Worker-28: Building] INFO  o.e.m.c.i.embedder.EclipseLogger - skip non existing resourceDirectory E:\Spring\SpringCoreProj01-SetterInjection\src\main\resources
2023-01-20 08:53:26,550 [Worker-28: Building] INFO  o.e.m.c.i.embedder.EclipseLogger - Using 'UTF-8' encoding to copy filtered resources.
2023-01-20 08:53:26,550 [Worker-28: Building] INFO  o.e.m.c.i.embedder.EclipseLogger - skip non existing resourceDirectory E:\Spring\SpringCoreProj01-SetterInjection\src\test\resources
2023-01-20 08:53:27,115 [Worker-29: Download sources and javadoc] INFO  o.e.m.c.i.e.AbstractTransferListenerAdapter - Downloading https://repo.maven.apache.org/maven2/org/springframework/spring-context-support/6.0.4/spring-context-support-6.0.4-sources.jar
2023-01-20 08:53:27,827 [Worker-29: Download sources and javadoc] INFO  o.e.m.c.i.e.AbstractTransferListenerAdapter - Downloaded https://repo.maven.apache.org/maven2/org/springframework/spring-context-support/6.0.4/spring-context-support-6.0.4-sources.jar
2023-01-20 08:53:27,830 [Worker-29: Download sources and javadoc] INFO  o.e.m.j.internal.DownloadSourcesJob - Downloaded sources for org.springframework:spring-context-support:6.0.4
2023-01-20 08:53:28,739 [Worker-29: Download sources and javadoc] INFO  o.e.m.c.i.e.AbstractTransferListenerAdapter - Downloading https://repo.maven.apache.org/maven2/org/springframework/spring-beans/6.0.4/spring-beans-6.0.4-sources.jar
2023-01-20 08:53:33,446 [Worker-29: Download sources and javadoc] INFO  o.e.m.c.i.e.AbstractTransferListenerAdapter - Downloaded https://repo.maven.apache.org/maven2/org/springframework/spring-beans/6.0.4/spring-beans-6.0.4-sources.jar
2023-01-20 08:53:33,449 [Worker-29: Download sources and javadoc] INFO  o.e.m.j.internal.DownloadSourcesJob - Downloaded sources for org.springframework:spring-beans:6.0.4
2023-01-20 08:53:34,315 [Worker-29: Download sources and javadoc] INFO  o.e.m.c.i.e.AbstractTransferListenerAdapter - Downloading https://repo.maven.apache.org/maven2/org/springframework/spring-context/6.0.4/spring-context-6.0.4-sources.jar
2023-01-20 08:53:35,739 [Worker-29: Download sources and javadoc] INFO  o.e.m.c.i.e.AbstractTransferListenerAdapter - Downloaded https://repo.maven.apache.org/maven2/org/springframework/spring-context/6.0.4/spring-context-6.0.4-sources.jar
2023-01-20 08:53:35,742 [Worker-29: Download sources and javadoc] INFO  o.e.m.j.internal.DownloadSourcesJob - Downloaded sources for org.springframework:spring-context:6.0.4
2023-01-20 08:53:36,576 [Worker-29: Download sources and javadoc] INFO  o.e.m.c.i.e.AbstractTransferListenerAdapter - Downloading https://repo.maven.apache.org/maven2/org/springframework/spring-aop/6.0.4/spring-aop-6.0.4-sources.jar
2023-01-20 08:53:45,020 [Worker-29: Download sources and javadoc] INFO  o.e.m.c.i.e.AbstractTransferListenerAdapter - Downloaded https://repo.maven.apache.org/maven2/org/springframework/spring-aop/6.0.4/spring-aop-6.0.4-sources.jar
2023-01-20 08:53:45,024 [Worker-29: Download sources and javadoc] INFO  o.e.m.j.internal.DownloadSourcesJob - Downloaded sources for org.springframework:spring-aop:6.0.4
2023-01-20 08:53:45,897 [Worker-29: Download sources and javadoc] INFO  o.e.m.c.i.e.AbstractTransferListenerAdapter - Downloading https://repo.maven.apache.org/maven2/org/springframework/spring-expression/6.0.4/spring-expression-6.0.4-sources.jar
2023-01-20 08:53:46,890 [Worker-29: Download sources and javadoc] INFO  o.e.m.c.i.e.AbstractTransferListenerAdapter - Downloaded https://repo.maven.apache.org/maven2/org/springframework/spring-expression/6.0.4/spring-expression-6.0.4-sources.jar
2023-01-20 08:53:46,894 [Worker-29: Download sources and javadoc] INFO  o.e.m.j.internal.DownloadSourcesJob - Downloaded sources for org.springframework:spring-expression:6.0.4
2023-01-20 08:53:47,768 [Worker-29: Download sources and javadoc] INFO  o.e.m.c.i.e.AbstractTransferListenerAdapter - Downloading https://repo.maven.apache.org/maven2/org/springframework/spring-core/6.0.4/spring-core-6.0.4-sources.jar
2023-01-20 08:53:50,732 [Worker-29: Download sources and javadoc] INFO  o.e.m.c.i.e.AbstractTransferListenerAdapter - Downloaded https://repo.maven.apache.org/maven2/org/springframework/spring-core/6.0.4/spring-core-6.0.4-sources.jar
2023-01-20 08:53:50,737 [Worker-29: Download sources and javadoc] INFO  o.e.m.j.internal.DownloadSourcesJob - Downloaded sources for org.springframework:spring-core:6.0.4
2023-01-20 08:53:51,754 [Worker-29: Download sources and javadoc] INFO  o.e.m.c.i.e.AbstractTransferListenerAdapter - Downloading https://repo.maven.apache.org/maven2/org/springframework/spring-jcl/6.0.4/spring-jcl-6.0.4-sources.jar
2023-01-20 08:53:52,201 [Worker-29: Download sources and javadoc] INFO  o.e.m.c.i.e.AbstractTransferListenerAdapter - Downloaded https://repo.maven.apache.org/maven2/org/springframework/spring-jcl/6.0.4/spring-jcl-6.0.4-sources.jar
2023-01-20 08:53:52,206 [Worker-29: Download sources and javadoc] INFO  o.e.m.j.internal.DownloadSourcesJob - Downloaded sources for org.springframework:spring-jcl:6.0.4
2023-01-20 08:53:52,570 [Worker-28: Building] INFO  o.e.m.c.i.embedder.EclipseLogger - Using 'UTF-8' encoding to copy filtered resources.
2023-01-20 08:53:52,570 [Worker-28: Building] INFO  o.e.m.c.i.embedder.EclipseLogger - skip non existing resourceDirectory E:\Spring\SpringCoreProj01-SetterInjection\src\main\resources
2023-01-20 08:53:52,573 [Worker-28: Building] INFO  o.e.m.c.i.embedder.EclipseLogger - Using 'UTF-8' encoding to copy filtered resources.
2023-01-20 08:53:52,573 [Worker-28: Building] INFO  o.e.m.c.i.embedder.EclipseLogger - skip non existing resourceDirectory E:\Spring\SpringCoreProj01-SetterInjection\src\test\resources
2023-01-20 08:56:24,668 [Worker-29: Building] INFO  o.e.m.c.i.embedder.EclipseLogger - Using 'UTF-8' encoding to copy filtered resources.
2023-01-20 08:56:24,668 [Worker-29: Building] INFO  o.e.m.c.i.embedder.EclipseLogger - skip non existing resourceDirectory E:\Spring\SpringCoreProj01-SetterInjection\src\main\resources
2023-01-20 08:56:24,670 [Worker-29: Building] INFO  o.e.m.c.i.embedder.EclipseLogger - Using 'UTF-8' encoding to copy filtered resources.
2023-01-20 08:56:24,670 [Worker-29: Building] INFO  o.e.m.c.i.embedder.EclipseLogger - skip non existing resourceDirectory E:\Spring\SpringCoreProj01-SetterInjection\src\test\resources
2023-01-20 08:56:38,614 [Worker-28: Building] INFO  o.e.m.c.i.embedder.EclipseLogger - Using 'UTF-8' encoding to copy filtered resources.
2023-01-20 08:56:38,615 [Worker-28: Building] INFO  o.e.m.c.i.embedder.EclipseLogger - skip non existing resourceDirectory E:\Spring\SpringCoreProj01-SetterInjection\src\main\resources
2023-01-20 08:56:38,617 [Worker-28: Building] INFO  o.e.m.c.i.embedder.EclipseLogger - Using 'UTF-8' encoding to copy filtered resources.
2023-01-20 08:56:38,618 [Worker-28: Building] INFO  o.e.m.c.i.embedder.EclipseLogger - skip non existing resourceDirectory E:\Spring\SpringCoreProj01-SetterInjection\src\test\resources
2023-01-20 08:56:51,535 [Worker-28: Building] INFO  o.e.m.c.i.embedder.EclipseLogger - Using 'UTF-8' encoding to copy filtered resources.
2023-01-20 08:56:51,535 [Worker-28: Building] INFO  o.e.m.c.i.embedder.EclipseLogger - skip non existing resourceDirectory E:\Spring\SpringCoreProj01-SetterInjection\src\main\resources
2023-01-20 08:56:51,538 [Worker-28: Building] INFO  o.e.m.c.i.embedder.EclipseLogger - Using 'UTF-8' encoding to copy filtered resources.
2023-01-20 08:56:51,538 [Worker-28: Building] INFO  o.e.m.c.i.embedder.EclipseLogger - skip non existing resourceDirectory E:\Spring\SpringCoreProj01-SetterInjection\src\test\resources
2023-01-20 08:57:48,834 [Worker-29: Building] INFO  o.e.m.c.i.embedder.EclipseLogger - Using 'UTF-8' encoding to copy filtered resources.
2023-01-20 08:57:48,834 [Worker-29: Building] INFO  o.e.m.c.i.embedder.EclipseLogger - skip non existing resourceDirectory E:\Spring\SpringCoreProj01-SetterInjection\src\main\resources
2023-01-20 08:57:48,837 [Worker-29: Building] INFO  o.e.m.c.i.embedder.EclipseLogger - Using 'UTF-8' encoding to copy filtered resources.
2023-01-20 08:57:48,837 [Worker-29: Building] INFO  o.e.m.c.i.embedder.EclipseLogger - skip non existing resourceDirectory E:\Spring\SpringCoreProj01-SetterInjection\src\test\resources
2023-01-20 08:57:49,852 [Worker-29: Building] INFO  o.e.m.c.i.embedder.EclipseLogger - Using 'UTF-8' encoding to copy filtered resources.
2023-01-20 08:57:49,853 [Worker-29: Building] INFO  o.e.m.c.i.embedder.EclipseLogger - skip non existing resourceDirectory E:\Spring\SpringCoreProj01-SetterInjection\src\main\resources
2023-01-20 08:57:49,858 [Worker-29: Building] INFO  o.e.m.c.i.embedder.EclipseLogger - Using 'UTF-8' encoding to copy filtered resources.
2023-01-20 08:57:49,858 [Worker-29: Building] INFO  o.e.m.c.i.embedder.EclipseLogger - skip non existing resourceDirectory E:\Spring\SpringCoreProj01-SetterInjection\src\test\resources
2023-01-20 08:58:27,786 [Worker-31: Building] INFO  o.e.m.c.i.embedder.EclipseLogger - Using 'UTF-8' encoding to copy filtered resources.
2023-01-20 08:58:27,786 [Worker-31: Building] INFO  o.e.m.c.i.embedder.EclipseLogger - skip non existing resourceDirectory E:\Spring\SpringCoreProj01-SetterInjection\src\main\resources
2023-01-20 08:58:27,791 [Worker-31: Building] INFO  o.e.m.c.i.embedder.EclipseLogger - Using 'UTF-8' encoding to copy filtered resources.
2023-01-20 08:58:27,791 [Worker-31: Building] INFO  o.e.m.c.i.embedder.EclipseLogger - skip non existing resourceDirectory E:\Spring\SpringCoreProj01-SetterInjection\src\test\resources
2023-01-20 19:03:55,508 [Worker-39: Building] INFO  o.e.m.c.i.embedder.EclipseLogger - Using 'UTF-8' encoding to copy filtered resources.
2023-01-20 19:03:55,510 [Worker-39: Building] INFO  o.e.m.c.i.embedder.EclipseLogger - skip non existing resourceDirectory E:\Spring\SpringCoreProj01-SetterInjection\src\main\resources
2023-01-20 19:03:55,512 [Worker-39: Building] INFO  o.e.m.c.i.embedder.EclipseLogger - Using 'UTF-8' encoding to copy filtered resources.
2023-01-20 19:03:55,513 [Worker-39: Building] INFO  o.e.m.c.i.embedder.EclipseLogger - skip non existing resourceDirectory E:\Spring\SpringCoreProj01-SetterInjection\src\test\resources
2023-01-20 19:04:43,581 [Worker-41: Building] INFO  o.e.m.c.i.embedder.EclipseLogger - Using 'UTF-8' encoding to copy filtered resources.
2023-01-20 19:04:43,581 [Worker-41: Building] INFO  o.e.m.c.i.embedder.EclipseLogger - skip non existing resourceDirectory E:\Spring\SpringCoreProj01-SetterInjection\src\main\resources
2023-01-20 19:04:43,584 [Worker-41: Building] INFO  o.e.m.c.i.embedder.EclipseLogger - Using 'UTF-8' encoding to copy filtered resources.
2023-01-20 19:04:43,584 [Worker-41: Building] INFO  o.e.m.c.i.embedder.EclipseLogger - skip non existing resourceDirectory E:\Spring\SpringCoreProj01-SetterInjection\src\test\resources
2023-01-20 19:12:49,392 [Worker-48: Building] INFO  o.e.m.c.i.embedder.EclipseLogger - Using 'UTF-8' encoding to copy filtered resources.
2023-01-20 19:12:49,393 [Worker-48: Building] INFO  o.e.m.c.i.embedder.EclipseLogger - skip non existing resourceDirectory E:\Spring\SpringCoreProj01-SetterInjection\src\main\resources
2023-01-20 19:12:49,396 [Worker-48: Building] INFO  o.e.m.c.i.embedder.EclipseLogger - Using 'UTF-8' encoding to copy filtered resources.
2023-01-20 19:12:49,397 [Worker-48: Building] INFO  o.e.m.c.i.embedder.EclipseLogger - skip non existing resourceDirectory E:\Spring\SpringCoreProj01-SetterInjection\src\test\resources
2023-01-20 19:12:56,020 [Worker-43: Building] INFO  o.e.m.c.i.embedder.EclipseLogger - Using 'UTF-8' encoding to copy filtered resources.
2023-01-20 19:12:56,020 [Worker-43: Building] INFO  o.e.m.c.i.embedder.EclipseLogger - skip non existing resourceDirectory E:\Spring\SpringCoreProj01-SetterInjection\src\main\resources
2023-01-20 19:12:56,025 [Worker-43: Building] INFO  o.e.m.c.i.embedder.EclipseLogger - Using 'UTF-8' encoding to copy filtered resources.
2023-01-20 19:12:56,025 [Worker-43: Building] INFO  o.e.m.c.i.embedder.EclipseLogger - skip non existing resourceDirectory E:\Spring\SpringCoreProj01-SetterInjection\src\test\resources
2023-01-20 19:13:02,219 [Worker-47: Building] INFO  o.e.m.c.i.embedder.EclipseLogger - Using 'UTF-8' encoding to copy filtered resources.
2023-01-20 19:13:02,220 [Worker-47: Building] INFO  o.e.m.c.i.embedder.EclipseLogger - skip non existing resourceDirectory E:\Spring\SpringCoreProj01-SetterInjection\src\main\resources
2023-01-20 19:13:02,224 [Worker-47: Building] INFO  o.e.m.c.i.embedder.EclipseLogger - Using 'UTF-8' encoding to copy filtered resources.
2023-01-20 19:13:02,224 [Worker-47: Building] INFO  o.e.m.c.i.embedder.EclipseLogger - skip non existing resourceDirectory E:\Spring\SpringCoreProj01-SetterInjection\src\test\resources
2023-01-20 19:13:15,713 [Worker-44: Building] INFO  o.e.m.c.i.embedder.EclipseLogger - Using 'UTF-8' encoding to copy filtered resources.
2023-01-20 19:13:15,714 [Worker-44: Building] INFO  o.e.m.c.i.embedder.EclipseLogger - skip non existing resourceDirectory E:\Spring\SpringCoreProj01-SetterInjection\src\main\resources
2023-01-20 19:13:15,718 [Worker-44: Building] INFO  o.e.m.c.i.embedder.EclipseLogger - Using 'UTF-8' encoding to copy filtered resources.
2023-01-20 19:13:15,718 [Worker-44: Building] INFO  o.e.m.c.i.embedder.EclipseLogger - skip non existing resourceDirectory E:\Spring\SpringCoreProj01-SetterInjection\src\test\resources
2023-01-20 19:14:48,245 [Worker-43: Building] INFO  o.e.m.c.i.embedder.EclipseLogger - Using 'UTF-8' encoding to copy filtered resources.
2023-01-20 19:14:48,245 [Worker-43: Building] INFO  o.e.m.c.i.embedder.EclipseLogger - skip non existing resourceDirectory E:\Spring\SpringCoreProj01-SetterInjection\src\main\resources
2023-01-20 19:14:48,248 [Worker-43: Building] INFO  o.e.m.c.i.embedder.EclipseLogger - Using 'UTF-8' encoding to copy filtered resources.
2023-01-20 19:14:48,249 [Worker-43: Building] INFO  o.e.m.c.i.embedder.EclipseLogger - skip non existing resourceDirectory E:\Spring\SpringCoreProj01-SetterInjection\src\test\resources
2023-01-20 19:19:54,786 [Worker-45: Building] INFO  o.e.m.c.i.embedder.EclipseLogger - Using 'UTF-8' encoding to copy filtered resources.
2023-01-20 19:19:54,788 [Worker-45: Building] INFO  o.e.m.c.i.embedder.EclipseLogger - skip non existing resourceDirectory E:\Spring\SpringCoreProj01-SetterInjection\src\main\resources
2023-01-20 19:19:54,793 [Worker-45: Building] INFO  o.e.m.c.i.embedder.EclipseLogger - Using 'UTF-8' encoding to copy filtered resources.
2023-01-20 19:19:54,794 [Worker-45: Building] INFO  o.e.m.c.i.embedder.EclipseLogger - skip non existing resourceDirectory E:\Spring\SpringCoreProj01-SetterInjection\src\test\resources
2023-01-20 19:28:35,075 [Worker-45: Building] INFO  o.e.m.c.i.embedder.EclipseLogger - Using 'UTF-8' encoding to copy filtered resources.
2023-01-20 19:28:35,075 [Worker-45: Building] INFO  o.e.m.c.i.embedder.EclipseLogger - skip non existing resourceDirectory E:\Spring\SpringCoreProj01-SetterInjection\src\main\resources
2023-01-20 19:28:35,079 [Worker-45: Building] INFO  o.e.m.c.i.embedder.EclipseLogger - Using 'UTF-8' encoding to copy filtered resources.
2023-01-20 19:28:35,080 [Worker-45: Building] INFO  o.e.m.c.i.embedder.EclipseLogger - skip non existing resourceDirectory E:\Spring\SpringCoreProj01-SetterInjection\src\test\resources
2023-01-20 19:28:36,857 [Worker-57: Building] INFO  o.e.m.c.i.embedder.EclipseLogger - Using 'UTF-8' encoding to copy filtered resources.
2023-01-20 19:28:36,857 [Worker-57: Building] INFO  o.e.m.c.i.embedder.EclipseLogger - skip non existing resourceDirectory E:\Spring\SpringCoreProj01-SetterInjection\src\main\resources
2023-01-20 19:28:36,860 [Worker-57: Building] INFO  o.e.m.c.i.embedder.EclipseLogger - Using 'UTF-8' encoding to copy filtered resources.
2023-01-20 19:28:36,860 [Worker-57: Building] INFO  o.e.m.c.i.embedder.EclipseLogger - skip non existing resourceDirectory E:\Spring\SpringCoreProj01-SetterInjection\src\test\resources
2023-01-20 19:31:43,011 [Worker-45: Building] INFO  o.e.m.c.i.embedder.EclipseLogger - Using 'UTF-8' encoding to copy filtered resources.
2023-01-20 19:31:43,011 [Worker-45: Building] INFO  o.e.m.c.i.embedder.EclipseLogger - skip non existing resourceDirectory E:\Spring\SpringCoreProj01-SetterInjection\src\main\resources
2023-01-20 19:31:43,015 [Worker-45: Building] INFO  o.e.m.c.i.embedder.EclipseLogger - Using 'UTF-8' encoding to copy filtered resources.
2023-01-20 19:31:43,016 [Worker-45: Building] INFO  o.e.m.c.i.embedder.EclipseLogger - skip non existing resourceDirectory E:\Spring\SpringCoreProj01-SetterInjection\src\test\resources
2023-01-20 19:35:42,006 [Worker-45: Building] INFO  o.e.m.c.i.embedder.EclipseLogger - Using 'UTF-8' encoding to copy filtered resources.
2023-01-20 19:35:42,007 [Worker-45: Building] INFO  o.e.m.c.i.embedder.EclipseLogger - skip non existing resourceDirectory E:\Spring\SpringCoreProj01-SetterInjection\src\main\resources
2023-01-20 19:35:42,009 [Worker-45: Building] INFO  o.e.m.c.i.embedder.EclipseLogger - Using 'UTF-8' encoding to copy filtered resources.
2023-01-20 19:35:42,009 [Worker-45: Building] INFO  o.e.m.c.i.embedder.EclipseLogger - skip non existing resourceDirectory E:\Spring\SpringCoreProj01-SetterInjection\src\test\resources
